<?xml version="1.0" encoding="UTF-8"?>
<!-- Generated by org.testng.reporters.JUnitXMLReporter -->
<testsuite hostname="Sams-MBP.fios-router.home" ignored="0" name="Default test" tests="4" failures="0" timestamp="30 Mar 2020 23:14:57 GMT" time="0.032" errors="0">
  <testcase name="div" time="0.008" classname="com.TestPackage.TestDemo"/>
  <testcase name="multi" time="0.001" classname="com.TestPackage.TestDemo"/>
  <testcase name="sub" time="0.001" classname="com.TestPackage.TestDemo"/>
  <testcase name="sum" time="0.001" classname="com.TestPackage.TestDemo"/>
</testsuite> <!-- Default test -->
