<?xml version="1.0" encoding="UTF-8"?>
<!-- Generated by org.testng.reporters.JUnitXMLReporter -->
<testsuite hostname="Sams-MBP.fios-router.home" ignored="0" name="Command line test" tests="8" failures="0" timestamp="02 Apr 2020 02:08:29 GMT" time="0.034" errors="0">
  <testcase name="div" time="0.005" classname="com.TestPackage.TestDemoOne"/>
  <testcase name="multi" time="0.0" classname="com.TestPackage.TestDemoOne"/>
  <testcase name="sub" time="0.0" classname="com.TestPackage.TestDemoOne"/>
  <testcase name="sum" time="0.0" classname="com.TestPackage.TestDemoOne"/>
  <testcase name="div" time="0.0" classname="com.TestPackage.TestDemo"/>
  <testcase name="multi" time="0.0" classname="com.TestPackage.TestDemo"/>
  <testcase name="sub" time="0.0" classname="com.TestPackage.TestDemo"/>
  <testcase name="sum" time="0.0" classname="com.TestPackage.TestDemo"/>
</testsuite> <!-- Command line test -->
