<?xml version="1.0" encoding="UTF-8"?>
<!-- Generated by org.testng.reporters.JUnitXMLReporter -->
<testsuite hostname="Sams-MBP.fios-router.home" ignored="0" name="Command line test" tests="4" failures="0" timestamp="30 Mar 2020 23:57:33 GMT" time="0.026" errors="0">
  <testcase name="div" time="0.005" classname="com.TestPackage.TestDemo"/>
  <testcase name="multi" time="0.0" classname="com.TestPackage.TestDemo"/>
  <testcase name="sub" time="0.0" classname="com.TestPackage.TestDemo"/>
  <testcase name="sum" time="0.0" classname="com.TestPackage.TestDemo"/>
</testsuite> <!-- Command line test -->
