<?xml version="1.0" encoding="UTF-8"?>
<testng-results skipped="0" failed="0" ignored="0" total="4" passed="4">
  <reporter-output>
  </reporter-output>
  <suite name="Default suite" duration-ms="32" started-at="2020-03-30T23:14:57Z" finished-at="2020-03-30T23:14:57Z">
    <groups>
    </groups>
    <test name="Default test" duration-ms="32" started-at="2020-03-30T23:14:57Z" finished-at="2020-03-30T23:14:57Z">
      <class name="com.TestPackage.TestDemo">
        <test-method status="PASS" signature="div()[pri:0, instance:com.TestPackage.TestDemo@675d3402]" name="div" duration-ms="8" started-at="2020-03-30T23:14:57Z" finished-at="2020-03-30T23:14:57Z">
          <reporter-output>
          </reporter-output>
        </test-method> <!-- div -->
        <test-method status="PASS" signature="multi()[pri:0, instance:com.TestPackage.TestDemo@675d3402]" name="multi" duration-ms="1" started-at="2020-03-30T23:14:57Z" finished-at="2020-03-30T23:14:57Z">
          <reporter-output>
          </reporter-output>
        </test-method> <!-- multi -->
        <test-method status="PASS" signature="sub()[pri:0, instance:com.TestPackage.TestDemo@675d3402]" name="sub" duration-ms="1" started-at="2020-03-30T23:14:57Z" finished-at="2020-03-30T23:14:57Z">
          <reporter-output>
          </reporter-output>
        </test-method> <!-- sub -->
        <test-method status="PASS" signature="sum()[pri:0, instance:com.TestPackage.TestDemo@675d3402]" name="sum" duration-ms="1" started-at="2020-03-30T23:14:57Z" finished-at="2020-03-30T23:14:57Z">
          <reporter-output>
          </reporter-output>
        </test-method> <!-- sum -->
      </class> <!-- com.TestPackage.TestDemo -->
    </test> <!-- Default test -->
  </suite> <!-- Default suite -->
</testng-results>
